<?xml version="1.0" encoding="UTF-8"?>
<!-- Generated by org.testng.reporters.JUnitReportReporter -->
<testsuite hostname="Albatross-MBP-2" failures="0" tests="2" name="TestComponents.SubmitOrderTest" time="11.621" errors="0" timestamp="2023-10-03T15:41:02 CEST" skipped="0">
  <testcase classname="TestComponents.SubmitOrderTest" name="submitOrder" time="6.167"/>
  <testcase classname="TestComponents.SubmitOrderTest" name="submitOrder" time="5.454"/>
</testsuite> <!-- TestComponents.SubmitOrderTest -->
