<?xml version="1.0" encoding="UTF-8"?>
<!-- Generated by org.testng.reporters.JUnitReportReporter -->
<testsuite hostname="Albatross-MBP-2" failures="0" tests="2" name="TestComponents.SubmitOrderTest" time="15.416" errors="0" timestamp="2023-10-03T14:09:44 CEST" skipped="0">
  <testcase classname="TestComponents.SubmitOrderTest" name="submitOrder" time="11.474"/>
  <testcase classname="TestComponents.SubmitOrderTest" name="submitOrder" time="3.942"/>
</testsuite> <!-- TestComponents.SubmitOrderTest -->
