<?xml version="1.0" encoding="UTF-8"?>
<!-- Generated by org.testng.reporters.JUnitReportReporter -->
<testsuite hostname="Albatross-MBP-2" failures="0" tests="2" name="TestComponents.SubmitOrderTest" time="8.063" errors="0" timestamp="2023-10-01T00:01:28 CEST" skipped="0">
  <testcase classname="TestComponents.SubmitOrderTest" name="submitOrder" time="4.868"/>
  <testcase classname="TestComponents.SubmitOrderTest" name="submitOrder" time="3.195"/>
</testsuite> <!-- TestComponents.SubmitOrderTest -->
