<?xml version="1.0" encoding="UTF-8"?>
<!-- Generated by org.testng.reporters.JUnitReportReporter -->
<testsuite hostname="Albatross-MBP-2" failures="0" tests="2" name="TestComponents.SubmitOrderTest" time="9.635" errors="0" timestamp="2023-10-03T14:51:29 CEST" skipped="0">
  <testcase classname="TestComponents.SubmitOrderTest" name="submitOrder" time="5.067"/>
  <testcase classname="TestComponents.SubmitOrderTest" name="submitOrder" time="4.568"/>
</testsuite> <!-- TestComponents.SubmitOrderTest -->
